#
# There is insufficient memory for the Java Runtime Environment to continue.
# Native memory allocation (malloc) failed to allocate 262160 bytes for Chunk::new
# Possible reasons:
#   The system is out of physical RAM or swap space
#   In 32 bit mode, the process size limit was hit
# Possible solutions:
#   Reduce memory load on the system
#   Increase physical memory or swap space
#   Check if swap backing store is full
#   Use 64 bit Java on a 64 bit OS
#   Decrease Java heap size (-Xmx/-Xms)
#   Decrease number of Java threads
#   Decrease Java thread stack sizes (-Xss)
#   Set larger code cache with -XX:ReservedCodeCacheSize=
# This output file may be truncated or incomplete.
#
#  Out of Memory Error (allocation.cpp:390), pid=2056, tid=0x0000000000001b84
#
# JRE version: OpenJDK Runtime Environment (8.0_76-b03) (build 1.8.0_76-release-b03)
# Java VM: OpenJDK 64-Bit Server VM (25.76-b03 mixed mode windows-amd64 compressed oops)
# Failed to write core dump. Minidumps are not enabled by default on client versions of Windows
#

---------------  T H R E A D  ---------------

Current thread (0x0000000006b6c000):  JavaThread "C2 CompilerThread1" daemon [_thread_in_native, id=7044, stack(0x0000000008180000,0x0000000008280000)]

Stack: [0x0000000008180000,0x0000000008280000]
[error occurred during error reporting (printing stack bounds), id 0xc0000005]

Native frames: (J=compiled Java code, j=interpreted, Vv=VM code, C=native code)


Current CompileTask:
C2:  40650 1748       4       com.android.dx.ssa.SCCP::run (298 bytes)


---------------  P R O C E S S  ---------------

Java Threads: ( => current thread )
  0x00000000085e4800 JavaThread "pool-2-thread-4" [_thread_blocked, id=7292, stack(0x0000000008d80000,0x0000000008e80000)]
  0x00000000085e4000 JavaThread "pool-2-thread-3" [_thread_blocked, id=6928, stack(0x0000000008c80000,0x0000000008d80000)]
  0x00000000085dc000 JavaThread "pool-2-thread-2" [_thread_blocked, id=5984, stack(0x0000000008b80000,0x0000000008c80000)]
  0x00000000084cc800 JavaThread "pool-3-thread-1" [_thread_blocked, id=2172, stack(0x0000000008a80000,0x0000000008b80000)]
  0x00000000084c2800 JavaThread "pool-2-thread-1" [_thread_blocked, id=7244, stack(0x0000000008980000,0x0000000008a80000)]
  0x000000000839d000 JavaThread "Service Thread" daemon [_thread_blocked, id=6476, stack(0x0000000008780000,0x0000000008880000)]
  0x0000000006b7a800 JavaThread "C1 CompilerThread2" daemon [_thread_blocked, id=2160, stack(0x0000000008280000,0x0000000008380000)]
=>0x0000000006b6c000 JavaThread "C2 CompilerThread1" daemon [_thread_in_native, id=7044, stack(0x0000000008180000,0x0000000008280000)]
  0x0000000006b1a000 JavaThread "C2 CompilerThread0" daemon [_thread_in_native, id=8792, stack(0x0000000008080000,0x0000000008180000)]
  0x0000000006b19000 JavaThread "Attach Listener" daemon [_thread_blocked, id=4884, stack(0x0000000007f80000,0x0000000008080000)]
  0x0000000006b17800 JavaThread "Signal Dispatcher" daemon [_thread_blocked, id=8512, stack(0x0000000007e80000,0x0000000007f80000)]
  0x0000000006b08800 JavaThread "Finalizer" daemon [_thread_blocked, id=7200, stack(0x0000000007d80000,0x0000000007e80000)]
  0x0000000003441000 JavaThread "Reference Handler" daemon [_thread_blocked, id=3408, stack(0x0000000007c80000,0x0000000007d80000)]
  0x0000000003350800 JavaThread "main" [_thread_in_native, id=11760, stack(0x0000000003250000,0x0000000003350000)]

Other Threads:
  0x0000000006ae5800 VMThread [stack: 0x0000000007b80000,0x0000000007c80000] [id=7048]
  0x000000000839f000 WatcherThread [stack: 0x0000000008880000,0x0000000008980000] [id=4432]

VM state:not at safepoint (normal execution)

VM Mutex/Monitor currently owned by a thread: None

Heap:
 PSYoungGen      total 102400K, used 72883K [0x00000000eab00000, 0x00000000f9c80000, 0x0000000100000000)
  eden space 98304K, 74% used [0x00000000eab00000,0x00000000ef22cda0,0x00000000f0b00000)
  from space 4096K, 0% used [0x00000000f0b00000,0x00000000f0b00000,0x00000000f0f00000)
  to   space 39424K, 0% used [0x00000000f7600000,0x00000000f7600000,0x00000000f9c80000)
 ParOldGen       total 125952K, used 45710K [0x00000000c0000000, 0x00000000c7b00000, 0x00000000eab00000)
  object space 125952K, 36% used [0x00000000c0000000,0x00000000c2ca3a98,0x00000000c7b00000)
 Metaspace       used 5886K, capacity 7024K, committed 7296K, reserved 1056768K
  class space    used 556K, capacity 616K, committed 640K, reserved 1048576K

Card table byte_map: [0x0000000003810000,0x0000000003a20000] byte_map_base: 0x0000000003210000

Marking Bits: (ParMarkBitMap*) 0x0000000066569d00
 Begin Bits: [0x0000000003f80000, 0x0000000004f80000)
 End Bits:   [0x0000000004f80000, 0x0000000005f80000)

Polling page: 0x00000000015e0000

CodeCache: size=245760Kb used=8366Kb max_used=8366Kb free=237393Kb
 bounds [0x000000000f010000, 0x000000000f850000, 0x000000001e010000]
 total_blobs=2018 nmethods=1756 adapters=175
 compilation: enabled

Compilation events (10 events):
Event: 40.060 Thread 0x0000000006b1a000 nmethod 1816 0x000000000f150e50 code [0x000000000f150fa0, 0x000000000f151118]
Event: 40.064 Thread 0x0000000006b1a000 1817       4       com.android.dx.rop.cst.CstFieldRef::compareTo0 (43 bytes)
Event: 40.078 Thread 0x0000000006b1a000 nmethod 1817 0x000000000f82f510 code [0x000000000f82f680, 0x000000000f82fad8]
Event: 40.080 Thread 0x0000000006b1a000 1818       4       java.util.ArrayList::<init> (61 bytes)
Event: 40.085 Thread 0x0000000006b1a000 nmethod 1818 0x000000000f82f1d0 code [0x000000000f82f320, 0x000000000f82f458]
Event: 40.087 Thread 0x0000000006b7a800 1819       3       com.android.dx.cf.code.LocalVariableList::concat (97 bytes)
Event: 40.094 Thread 0x0000000006b7a800 nmethod 1819 0x000000000f836e90 code [0x000000000f8371c0, 0x000000000f838f08]
Event: 40.203 Thread 0x0000000006b1a000 1820       4       com.android.dx.dex.code.RopTranslator::pickOrder (400 bytes)
Event: 40.252 Thread 0x0000000006b7a800 1822       3       java.util.TreeMap::compare (32 bytes)
Event: 40.253 Thread 0x0000000006b7a800 nmethod 1822 0x000000000f110550 code [0x000000000f1106e0, 0x000000000f110b18]

GC Heap History (10 events):
Event: 17.398 GC heap before
{Heap before GC invocations=3 (full 0):
 PSYoungGen      total 53248K, used 53237K [0x00000000eab00000, 0x00000000ee300000, 0x0000000100000000)
  eden space 49152K, 100% used [0x00000000eab00000,0x00000000edb00000,0x00000000edb00000)
  from space 4096K, 99% used [0x00000000edf00000,0x00000000ee2fd508,0x00000000ee300000)
  to   space 4096K, 0% used [0x00000000edb00000,0x00000000edb00000,0x00000000edf00000)
 ParOldGen       total 65536K, used 15957K [0x00000000c0000000, 0x00000000c4000000, 0x00000000eab00000)
  object space 65536K, 24% used [0x00000000c0000000,0x00000000c0f95478,0x00000000c4000000)
 Metaspace       used 5678K, capacity 6832K, committed 7040K, reserved 1056768K
  class space    used 554K, capacity 616K, committed 640K, reserved 1048576K
Event: 18.804 GC heap after
Heap after GC invocations=3 (full 0):
 PSYoungGen      total 53248K, used 4076K [0x00000000eab00000, 0x00000000f1300000, 0x0000000100000000)
  eden space 49152K, 0% used [0x00000000eab00000,0x00000000eab00000,0x00000000edb00000)
  from space 4096K, 99% used [0x00000000edb00000,0x00000000edefb360,0x00000000edf00000)
  to   space 4096K, 0% used [0x00000000f0f00000,0x00000000f0f00000,0x00000000f1300000)
 ParOldGen       total 65536K, used 32364K [0x00000000c0000000, 0x00000000c4000000, 0x00000000eab00000)
  object space 65536K, 49% used [0x00000000c0000000,0x00000000c1f9b1b0,0x00000000c4000000)
 Metaspace       used 5678K, capacity 6832K, committed 7040K, reserved 1056768K
  class space    used 554K, capacity 616K, committed 640K, reserved 1048576K
}
Event: 22.767 GC heap before
{Heap before GC invocations=4 (full 0):
 PSYoungGen      total 53248K, used 53228K [0x00000000eab00000, 0x00000000f1300000, 0x0000000100000000)
  eden space 49152K, 100% used [0x00000000eab00000,0x00000000edb00000,0x00000000edb00000)
  from space 4096K, 99% used [0x00000000edb00000,0x00000000edefb360,0x00000000edf00000)
  to   space 4096K, 0% used [0x00000000f0f00000,0x00000000f0f00000,0x00000000f1300000)
 ParOldGen       total 65536K, used 32364K [0x00000000c0000000, 0x00000000c4000000, 0x00000000eab00000)
  object space 65536K, 49% used [0x00000000c0000000,0x00000000c1f9b1b0,0x00000000c4000000)
 Metaspace       used 5714K, capacity 6896K, committed 7040K, reserved 1056768K
  class space    used 556K, capacity 616K, committed 640K, reserved 1048576K
Event: 23.925 GC heap after
Heap after GC invocations=4 (full 0):
 PSYoungGen      total 102400K, used 4095K [0x00000000eab00000, 0x00000000f1300000, 0x0000000100000000)
  eden space 98304K, 0% used [0x00000000eab00000,0x00000000eab00000,0x00000000f0b00000)
  from space 4096K, 99% used [0x00000000f0f00000,0x00000000f12fffe8,0x00000000f1300000)
  to   space 4096K, 0% used [0x00000000f0b00000,0x00000000f0b00000,0x00000000f0f00000)
 ParOldGen       total 65536K, used 53237K [0x00000000c0000000, 0x00000000c4000000, 0x00000000eab00000)
  object space 65536K, 81% used [0x00000000c0000000,0x00000000c33fd4e8,0x00000000c4000000)
 Metaspace       used 5714K, capacity 6896K, committed 7040K, reserved 1056768K
  class space    used 556K, capacity 616K, committed 640K, reserved 1048576K
}
Event: 23.926 GC heap before
{Heap before GC invocations=5 (full 1):
 PSYoungGen      total 102400K, used 4095K [0x00000000eab00000, 0x00000000f1300000, 0x0000000100000000)
  eden space 98304K, 0% used [0x00000000eab00000,0x00000000eab00000,0x00000000f0b00000)
  from space 4096K, 99% used [0x00000000f0f00000,0x00000000f12fffe8,0x00000000f1300000)
  to   space 4096K, 0% used [0x00000000f0b00000,0x00000000f0b00000,0x00000000f0f00000)
 ParOldGen       total 65536K, used 53237K [0x00000000c0000000, 0x00000000c4000000, 0x00000000eab00000)
  object space 65536K, 81% used [0x00000000c0000000,0x00000000c33fd4e8,0x00000000c4000000)
 Metaspace       used 5714K, capacity 6896K, committed 7040K, reserved 1056768K
  class space    used 556K, capacity 616K, committed 640K, reserved 1048576K
Event: 26.313 GC heap after
Heap after GC invocations=5 (full 1):
 PSYoungGen      total 102400K, used 0K [0x00000000eab00000, 0x00000000f1300000, 0x0000000100000000)
  eden space 98304K, 0% used [0x00000000eab00000,0x00000000eab00000,0x00000000f0b00000)
  from space 4096K, 0% used [0x00000000f0f00000,0x00000000f0f00000,0x00000000f1300000)
  to   space 4096K, 0% used [0x00000000f0b00000,0x00000000f0b00000,0x00000000f0f00000)
 ParOldGen       total 87552K, used 29604K [0x00000000c0000000, 0x00000000c5580000, 0x00000000eab00000)
  object space 87552K, 33% used [0x00000000c0000000,0x00000000c1ce9170,0x00000000c5580000)
 Metaspace       used 5714K, capacity 6896K, committed 7040K, reserved 1056768K
  class space    used 556K, capacity 616K, committed 640K, reserved 1048576K
}
Event: 34.275 GC heap before
{Heap before GC invocations=6 (full 1):
 PSYoungGen      total 102400K, used 98304K [0x00000000eab00000, 0x00000000f1300000, 0x0000000100000000)
  eden space 98304K, 100% used [0x00000000eab00000,0x00000000f0b00000,0x00000000f0b00000)
  from space 4096K, 0% used [0x00000000f0f00000,0x00000000f0f00000,0x00000000f1300000)
  to   space 4096K, 0% used [0x00000000f0b00000,0x00000000f0b00000,0x00000000f0f00000)
 ParOldGen       total 87552K, used 29604K [0x00000000c0000000, 0x00000000c5580000, 0x00000000eab00000)
  object space 87552K, 33% used [0x00000000c0000000,0x00000000c1ce9170,0x00000000c5580000)
 Metaspace       used 5812K, capacity 6960K, committed 7040K, reserved 1056768K
  class space    used 556K, capacity 616K, committed 640K, reserved 1048576K
Event: 35.394 GC heap after
Heap after GC invocations=6 (full 1):
 PSYoungGen      total 102400K, used 4083K [0x00000000eab00000, 0x00000000f9c80000, 0x0000000100000000)
  eden space 98304K, 0% used [0x00000000eab00000,0x00000000eab00000,0x00000000f0b00000)
  from space 4096K, 99% used [0x00000000f0b00000,0x00000000f0efcda8,0x00000000f0f00000)
  to   space 39424K, 0% used [0x00000000f7600000,0x00000000f7600000,0x00000000f9c80000)
 ParOldGen       total 87552K, used 59657K [0x00000000c0000000, 0x00000000c5580000, 0x00000000eab00000)
  object space 87552K, 68% used [0x00000000c0000000,0x00000000c3a42600,0x00000000c5580000)
 Metaspace       used 5812K, capacity 6960K, committed 7040K, reserved 1056768K
  class space    used 556K, capacity 616K, committed 640K, reserved 1048576K
}
Event: 35.394 GC heap before
{Heap before GC invocations=7 (full 2):
 PSYoungGen      total 102400K, used 4083K [0x00000000eab00000, 0x00000000f9c80000, 0x0000000100000000)
  eden space 98304K, 0% used [0x00000000eab00000,0x00000000eab00000,0x00000000f0b00000)
  from space 4096K, 99% used [0x00000000f0b00000,0x00000000f0efcda8,0x00000000f0f00000)
  to   space 39424K, 0% used [0x00000000f7600000,0x00000000f7600000,0x00000000f9c80000)
 ParOldGen       total 87552K, used 59657K [0x00000000c0000000, 0x00000000c5580000, 0x00000000eab00000)
  object space 87552K, 68% used [0x00000000c0000000,0x00000000c3a42600,0x00000000c5580000)
 Metaspace       used 5812K, capacity 6960K, committed 7040K, reserved 1056768K
  class space    used 556K, capacity 616K, committed 640K, reserved 1048576K
Event: 38.382 GC heap after
Heap after GC invocations=7 (full 2):
 PSYoungGen      total 102400K, used 0K [0x00000000eab00000, 0x00000000f9c80000, 0x0000000100000000)
  eden space 98304K, 0% used [0x00000000eab00000,0x00000000eab00000,0x00000000f0b00000)
  from space 4096K, 0% used [0x00000000f0b00000,0x00000000f0b00000,0x00000000f0f00000)
  to   space 39424K, 0% used [0x00000000f7600000,0x00000000f7600000,0x00000000f9c80000)
 ParOldGen       total 125952K, used 45710K [0x00000000c0000000, 0x00000000c7b00000, 0x00000000eab00000)
  object space 125952K, 36% used [0x00000000c0000000,0x00000000c2ca3a98,0x00000000c7b00000)
 Metaspace       used 5812K, capacity 6960K, committed 7040K, reserved 1056768K
  class space    used 556K, capacity 616K, committed 640K, reserved 1048576K
}

Deoptimization events (10 events):
Event: 33.064 Thread 0x0000000003350800 Uncommon trap: reason=class_check action=maybe_recompile pc=0x000000000f5b67c0 method=com.android.dx.ssa.SCCP.setLatticeValueTo(IILcom/android/dx/rop/cst/Constant;)Z @ 43
Event: 38.669 Thread 0x0000000003350800 Uncommon trap: reason=class_check action=maybe_recompile pc=0x000000000f5b67c0 method=com.android.dx.ssa.SCCP.setLatticeValueTo(IILcom/android/dx/rop/cst/Constant;)Z @ 43
Event: 38.750 Thread 0x0000000003350800 Uncommon trap: reason=class_check action=maybe_recompile pc=0x000000000f5b6630 method=com.android.dx.ssa.SCCP.simulatePhi(Lcom/android/dx/ssa/PhiInsn;)V @ 124
Event: 38.804 Thread 0x0000000003350800 Uncommon trap: reason=class_check action=maybe_recompile pc=0x000000000f6da9f8 method=com.android.dx.rop.cst.CstKnownNull.equals(Ljava/lang/Object;)Z @ 1
Event: 38.804 Thread 0x0000000003350800 Uncommon trap: reason=class_check action=maybe_recompile pc=0x000000000f5b67c0 method=com.android.dx.ssa.SCCP.setLatticeValueTo(IILcom/android/dx/rop/cst/Constant;)Z @ 43
Event: 38.806 Thread 0x0000000003350800 Uncommon trap: reason=unstable_if action=reinterpret pc=0x000000000f765d08 method=java.util.BitSet.ensureCapacity(I)V @ 6
Event: 39.326 Thread 0x00000000085e4800 Uncommon trap: reason=class_check action=maybe_recompile pc=0x000000000f6da9f8 method=com.android.dx.rop.cst.CstKnownNull.equals(Ljava/lang/Object;)Z @ 1
Event: 39.356 Thread 0x00000000085dc000 Uncommon trap: reason=class_check action=maybe_recompile pc=0x000000000f6da9f8 method=com.android.dx.rop.cst.CstKnownNull.equals(Ljava/lang/Object;)Z @ 1
Event: 39.540 Thread 0x00000000085e4800 Uncommon trap: reason=unstable_if action=reinterpret pc=0x000000000f5cdae8 method=com.android.dx.rop.code.Insn.equalsHandleNulls(Ljava/lang/Object;Ljava/lang/Object;)Z @ 14
Event: 39.925 Thread 0x00000000085e4800 Uncommon trap: reason=unstable_if action=reinterpret pc=0x000000000f5d144c method=com.android.dx.rop.code.Insn.equalsHandleNulls(Ljava/lang/Object;Ljava/lang/Object;)Z @ 14

Internal exceptions (3 events):
Event: 0.131 Thread 0x0000000003350800 Exception <a 'java/lang/NoSuchMethodError': Method sun.misc.Unsafe.defineClass(Ljava/lang/String;[BII)Ljava/lang/Class; name or signature does not match> (0x00000000eab07cc0) thrown at [C:\src\android\AOSP-openjdk\external\jetbrains\jdk\hotspot\src\share\v•Æex"Ÿ¿?
Event: 0.132 Thread 0x0000000003350800 Exception <a 'java/lang/NoSuchMethodError': Method sun.misc.Unsafe.prefetchRead(Ljava/lang/Object;J)V name or signature does not match> (0x00000000eab07fa8) thrown at [C:\src\android\AOSP-openjdk\external\jetbrains\jdk\hotspot\src\share\vm\prims\jni.cpp, l$êSnq∏:@
Event: 26.720 Thread 0x00000000085dc000 Implicit null exception at 0x000000000f4f789a to 0x000000000f4f798f

Events (10 events):
Event: 39.841 Thread 0x0000000006b7a800 flushing nmethod 0x000000000f150cd0
Event: 39.841 Thread 0x0000000006b7a800 flushing nmethod 0x000000000f151510
Event: 39.841 Thread 0x0000000006b7a800 flushing nmethod 0x000000000f155610
Event: 39.925 Thread 0x00000000085e4800 Uncommon trap: trap_request=0xffffff65 fr.pc=0x000000000f5d144c
Event: 39.925 Thread 0x00000000085e4800 DEOPT PACKING pc=0x000000000f5d144c sp=0x0000000008e7ed50
Event: 39.925 Thread 0x00000000085e4800 DEOPT UNPACKING pc=0x000000000f05556a sp=0x0000000008e7ecb8 mode 2
Event: 39.945 Thread 0x00000000085e4800 DEOPT PACKING pc=0x000000000f62610c sp=0x0000000008e7ee20
Event: 39.945 Thread 0x00000000085e4800 DEOPT UNPACKING pc=0x000000000f0575bf sp=0x0000000008e7ec08 mode 0
Event: 40.256 Thread 0x00000000085dc000 DEOPT PACKING pc=0x000000000f66a523 sp=0x0000000008c7ec30
Event: 40.256 Thread 0x00000000085dc000 DEOPT UNPACKING pc=0x000000000f0575bf sp=0x0000000008c7e990 mode 0


Dynamic libraries:
0x00007ff609370000 - 0x00007ff6093a1000 	C:\Program Files\Android\Android Studio\jre\bin\java.exe
0x00007ffb17220000 - 0x00007ffb173cd000 	C:\WINDOWS\SYSTEM32\ntdll.dll
0x00007ffb148e0000 - 0x00007ffb14a1e000 	C:\WINDOWS\system32\KERNEL32.DLL
0x00007ffb14620000 - 0x00007ffb14735000 	C:\WINDOWS\system32\KERNELBASE.dll
0x000000006bae0000 - 0x000000006bb67000 	C:\WINDOWS\System32\SYSFER.DLL
0x00007ffb169c0000 - 0x00007ffb16a6a000 	C:\WINDOWS\system32\ADVAPI32.dll
0x00007ffb16460000 - 0x00007ffb165d7000 	C:\WINDOWS\system32\USER32.dll
0x00007ffb12410000 - 0x00007ffb1268b000 	C:\WINDOWS\WinSxS\amd64_microsoft.windows.common-controls_6595b64144ccf1df_6.0.9600.18006_none_623f33d3ecbe86e8\COMCTL32.dll
0x00007ffb16190000 - 0x00007ffb1623a000 	C:\WINDOWS\system32\msvcrt.dll
0x00007ffb16700000 - 0x00007ffb16759000 	C:\WINDOWS\SYSTEM32\sechost.dll
0x00007ffb16e90000 - 0x00007ffb16fd0000 	C:\WINDOWS\system32\RPCRT4.dll
0x00007ffb16040000 - 0x00007ffb1618f000 	C:\WINDOWS\system32\GDI32.dll
0x00007ffb14410000 - 0x00007ffb1443e000 	C:\WINDOWS\system32\SspiCli.dll
0x00007ffb148a0000 - 0x00007ffb148d6000 	C:\WINDOWS\system32\IMM32.DLL
0x00007ffb16d20000 - 0x00007ffb16e72000 	C:\WINDOWS\system32\MSCTF.dll
0x00007ffb14300000 - 0x00007ffb1432f000 	C:\WINDOWS\system32\nvinitx.dll
0x000000000f000000 - 0x000000000f006000 	C:\Program Files\NVIDIA Corporation\CoProcManager\detoured.dll
0x00007ffb12980000 - 0x00007ffb129df000 	C:\Program Files\NVIDIA Corporation\CoProcManager\nvd3d9wrapx.dll
0x00007ffb17030000 - 0x00007ffb1720a000 	C:\WINDOWS\system32\SETUPAPI.dll
0x00007ffb14740000 - 0x00007ffb1478f000 	C:\WINDOWS\system32\CFGMGR32.dll
0x00007ffb12150000 - 0x00007ffb12196000 	C:\Program Files\NVIDIA Corporation\CoProcManager\nvdxgiwrapx.dll
0x0000000065cd0000 - 0x0000000065da2000 	C:\Program Files\Android\Android Studio\jre\jre\bin\msvcr100.dll
0x0000000065db0000 - 0x00000000665e4000 	C:\Program Files\Android\Android Studio\jre\jre\bin\server\jvm.dll
0x00007ffaf0fd0000 - 0x00007ffaf0fd9000 	C:\WINDOWS\SYSTEM32\WSOCK32.dll
0x00007ffb11cf0000 - 0x00007ffb11d12000 	C:\WINDOWS\SYSTEM32\WINMM.dll
0x00007ffb11d20000 - 0x00007ffb11d2a000 	C:\WINDOWS\SYSTEM32\VERSION.dll
0x00007ffb16ad0000 - 0x00007ffb16ad7000 	C:\WINDOWS\system32\PSAPI.DLL
0x00007ffb16a70000 - 0x00007ffb16aca000 	C:\WINDOWS\system32\WS2_32.dll
0x00007ffb11380000 - 0x00007ffb113aa000 	C:\WINDOWS\SYSTEM32\WINMMBASE.dll
0x00007ffb17210000 - 0x00007ffb17219000 	C:\WINDOWS\system32\NSI.dll
0x00007ffb13140000 - 0x00007ffb13168000 	C:\WINDOWS\SYSTEM32\DEVOBJ.dll
0x00007ffb0fa10000 - 0x00007ffb0fa1f000 	C:\Program Files\Android\Android Studio\jre\jre\bin\verify.dll
0x00007ffb03980000 - 0x00007ffb039a9000 	C:\Program Files\Android\Android Studio\jre\jre\bin\java.dll
0x00007ffb03960000 - 0x00007ffb03976000 	C:\Program Files\Android\Android Studio\jre\jre\bin\zip.dll
0x00007ffb14b10000 - 0x00007ffb16038000 	C:\WINDOWS\system32\SHELL32.dll
0x00007ffb16240000 - 0x00007ffb16451000 	C:\WINDOWS\SYSTEM32\combase.dll
0x00007ffb166a0000 - 0x00007ffb166f4000 	C:\WINDOWS\system32\SHLWAPI.dll
0x00007ffb12890000 - 0x00007ffb12942000 	C:\WINDOWS\SYSTEM32\SHCORE.dll
0x00007ffb14340000 - 0x00007ffb14355000 	C:\WINDOWS\SYSTEM32\profapi.dll

VM Arguments:
jvm_args: -Djava.awt.headless=true -Xmx1024M -Dfile.encoding=windows-1252 -Duser.country=GB -Duser.language=en -Duser.variant 
java_command: com.android.dx.command.Main --dex --force-jumbo --num-threads=4 --multi-dex --output E:\Android\EDS\app\build\intermediates\transforms\dex\debug\folders\1000\5\slice_9 E:\Android\EDS\app\build\intermediates\transforms\instantRunSlicer\debug\folders\1\5\slice_9
java_class_path (initial): C:\Users\BARA'\AppData\Local\Android\sdk\build-tools\23.0.3\lib\dx.jar
Launcher Type: SUN_STANDARD

Environment Variables:
JAVA_HOME=C:\Program Files\Java\jdk1.8.0_91
PATH=C:\wamp\bin\php\php5.5.12;C:\Program Files\apache-ant-1.9.7\bin;C:\jboss-as-7.1.1.Final\bin;C:\wildfly-10.0.0.Final\bin;C:\Program Files\Java\jdk1.8.0_91\bin;C:\WINDOWS\system32;C:\WINDOWS;C:\WINDOWS\System32\Wbem;C:\WINDOWS\System32\WindowsPowerShell\v1.0\;C:\Program Files (x86)\Intel\OpenCL SDK\2.0\bin\x86;C:\Program Files (x86)\Intel\OpenCL SDK\2.0\bin\x64;C:\Program Files (x86)\Common Files\Ulead Systems\MPEG;C:\Program Files (x86)\Windows Live\Shared;C:\Program Files (x86)\Skype\Phone\;C:\Program Files\nodejs\;C:\Program Files\Git\cmd;C:\Program Files (x86)\QuickTime\QTSystem\;C:\ProgramData\ComposerSetup\bin;C:\Users\BARA'\AppData\Roaming\npm;C:\Users\BARA'\AppData\Roaming\Composer\vendor\bin
USERNAME=BARA'
OS=Windows_NT
PROCESSOR_IDENTIFIER=Intel64 Family 6 Model 42 Stepping 7, GenuineIntel



---------------  S Y S T E M  ---------------

OS: Windows 8.1 , 64 bit Build 9600 (6.3.9600.17415)

CPU:total 4 (2 cores per cpu, 2 threads per core) family 6 model 42 stepping 7, cmov, cx8, fxsr, mmx, sse, sse2, sse3, ssse3, sse4.1, sse4.2, popcnt, avx, aes, clmul, ht, tsc, tscinvbit

Memory: 4k page, physical 6196396k(867448k free), swap 9342124k(4812k free)

vm_info: OpenJDK 64-Bit Server VM (25.76-b03) for windows-amd64 JRE (1.8.0_76-release-b03), built on Jun 29 2016 19:09:20 by "ralucas" with MS VC++ 10.0 (VS2010)

time: Tue Jan 17 16:22:09 2017
elapsed time: 40 seconds (0d 0h 0m 40s)

