#
# There is insufficient memory for the Java Runtime Environment to continue.
# Native memory allocation (malloc) failed to allocate 68496 bytes for Chunk::new
# Possible reasons:
#   The system is out of physical RAM or swap space
#   In 32 bit mode, the process size limit was hit
# Possible solutions:
#   Reduce memory load on the system
#   Increase physical memory or swap space
#   Check if swap backing store is full
#   Use 64 bit Java on a 64 bit OS
#   Decrease Java heap size (-Xmx/-Xms)
#   Decrease number of Java threads
#   Decrease Java thread stack sizes (-Xss)
#   Set larger code cache with -XX:ReservedCodeCacheSize=
# This output file may be truncated or incomplete.
#
#  Out of Memory Error (allocation.cpp:390), pid=9528, tid=0x00000000000016ec
#
# JRE version: OpenJDK Runtime Environment (8.0_76-b03) (build 1.8.0_76-release-b03)
# Java VM: OpenJDK 64-Bit Server VM (25.76-b03 mixed mode windows-amd64 compressed oops)
# Failed to write core dump. Minidumps are not enabled by default on client versions of Windows
#

---------------  T H R E A D  ---------------

Current thread (0x0000000005d71000):  JavaThread "C2 CompilerThread1" daemon [_thread_in_native, id=5868, stack(0x0000000007460000,0x0000000007560000)]

Stack: [0x0000000007460000,0x0000000007560000]
[error occurred during error reporting (printing stack bounds), id 0xc0000005]

Native frames: (J=compiled Java code, j=interpreted, Vv=VM code, C=native code)


Current CompileTask:
C2:  40619 2058       4       com.android.dx.rop.cst.CstBaseMethodRef::getPrototype (41 bytes)


---------------  P R O C E S S  ---------------

Java Threads: ( => current thread )
  0x0000000002560800 JavaThread "DestroyJavaVM" [_thread_blocked, id=8900, stack(0x0000000002460000,0x0000000002560000)]
  0x000000000767b800 JavaThread "Service Thread" daemon [_thread_blocked, id=7412, stack(0x0000000007a60000,0x0000000007b60000)]
  0x0000000005d8b800 JavaThread "C1 CompilerThread2" daemon [_thread_blocked, id=6280, stack(0x0000000007560000,0x0000000007660000)]
=>0x0000000005d71000 JavaThread "C2 CompilerThread1" daemon [_thread_in_native, id=5868, stack(0x0000000007460000,0x0000000007560000)]
  0x0000000005d2c000 JavaThread "C2 CompilerThread0" daemon [_thread_in_native, id=1784, stack(0x0000000007360000,0x0000000007460000)]
  0x0000000005d2b000 JavaThread "Attach Listener" daemon [_thread_blocked, id=5572, stack(0x0000000007260000,0x0000000007360000)]
  0x0000000005d29800 JavaThread "Signal Dispatcher" daemon [_thread_blocked, id=884, stack(0x0000000007160000,0x0000000007260000)]
  0x0000000005d18800 JavaThread "Finalizer" daemon [_thread_blocked, id=8052, stack(0x0000000006f80000,0x0000000007080000)]
  0x0000000002652800 JavaThread "Reference Handler" daemon [_thread_blocked, id=4580, stack(0x0000000006e80000,0x0000000006f80000)]

Other Threads:
  0x0000000005cf5000 VMThread [stack: 0x0000000006d80000,0x0000000006e80000] [id=12260]
  0x0000000007681000 WatcherThread [stack: 0x0000000007b60000,0x0000000007c60000] [id=7404]

VM state:not at safepoint (normal execution)

VM Mutex/Monitor currently owned by a thread: None

Heap:
 PSYoungGen      total 102400K, used 16352K [0x00000000eab00000, 0x00000000f1300000, 0x0000000100000000)
  eden space 98304K, 16% used [0x00000000eab00000,0x00000000ebaf8308,0x00000000f0b00000)
  from space 4096K, 0% used [0x00000000f0f00000,0x00000000f0f00000,0x00000000f1300000)
  to   space 4096K, 0% used [0x00000000f0b00000,0x00000000f0b00000,0x00000000f0f00000)
 ParOldGen       total 81920K, used 21395K [0x00000000c0000000, 0x00000000c5000000, 0x00000000eab00000)
  object space 81920K, 26% used [0x00000000c0000000,0x00000000c14e4d28,0x00000000c5000000)
 Metaspace       used 6516K, capacity 7346K, committed 7552K, reserved 1056768K
  class space    used 611K, capacity 618K, committed 640K, reserved 1048576K

Card table byte_map: [0x0000000002a20000,0x0000000002c30000] byte_map_base: 0x0000000002420000

Marking Bits: (ParMarkBitMap*) 0x0000000066569d00
 Begin Bits: [0x0000000003190000, 0x0000000004190000)
 End Bits:   [0x0000000004190000, 0x0000000005190000)

Polling page: 0x0000000002300000

CodeCache: size=245760Kb used=8915Kb max_used=8915Kb free=236844Kb
 bounds [0x000000000f010000, 0x000000000f8d0000, 0x000000001e010000]
 total_blobs=2273 nmethods=2002 adapters=184
 compilation: enabled

Compilation events (10 events):
Event: 40.081 Thread 0x0000000005d2c000 2061       4       com.android.dx.dex.code.FixedSizeInsn::writeTo (13 bytes)
Event: 40.083 Thread 0x0000000005d2c000 nmethod 2061 0x000000000f112010 code [0x000000000f112160, 0x000000000f1121f8]
Event: 40.084 Thread 0x0000000005d2c000 2062       4       com.android.dx.dex.code.form.Form35c::wordCount (74 bytes)
Event: 40.098 Thread 0x0000000005d2c000 nmethod 2062 0x000000000f8bae10 code [0x000000000f8baf60, 0x000000000f8bb1b8]
Event: 40.099 Thread 0x0000000005d2c000 2063       4       com.android.dx.dex.code.InsnFormat::opcodeUnit (54 bytes)
Event: 40.103 Thread 0x0000000005d2c000 nmethod 2063 0x000000000f14cc10 code [0x000000000f14cd40, 0x000000000f14cdf8]
Event: 40.107 Thread 0x0000000005d8b800 2064       3       com.android.dx.rop.cst.CstBaseMethodRef::getParameterWordCount (12 bytes)
Event: 40.109 Thread 0x0000000005d8b800 nmethod 2064 0x000000000f8ba0d0 code [0x000000000f8ba280, 0x000000000f8baae8]
Event: 40.109 Thread 0x0000000005d8b800 2065       3       com.android.dx.dex.code.SwitchData::codeSize (27 bytes)
Event: 40.110 Thread 0x0000000005d8b800 nmethod 2065 0x000000000f14d390 code [0x000000000f14d500, 0x000000000f14d808]

GC Heap History (10 events):
Event: 7.648 GC heap before
{Heap before GC invocations=1 (full 0):
 PSYoungGen      total 28672K, used 24576K [0x00000000eab00000, 0x00000000ecb00000, 0x0000000100000000)
  eden space 24576K, 100% used [0x00000000eab00000,0x00000000ec300000,0x00000000ec300000)
  from space 4096K, 0% used [0x00000000ec700000,0x00000000ec700000,0x00000000ecb00000)
  to   space 4096K, 0% used [0x00000000ec300000,0x00000000ec300000,0x00000000ec700000)
 ParOldGen       total 65536K, used 0K [0x00000000c0000000, 0x00000000c4000000, 0x00000000eab00000)
  object space 65536K, 0% used [0x00000000c0000000,0x00000000c0000000,0x00000000c4000000)
 Metaspace       used 5648K, capacity 6832K, committed 7040K, reserved 1056768K
  class space    used 553K, capacity 616K, committed 640K, reserved 1048576K
Event: 8.536 GC heap after
Heap after GC invocations=1 (full 0):
 PSYoungGen      total 28672K, used 4095K [0x00000000eab00000, 0x00000000ee300000, 0x0000000100000000)
  eden space 24576K, 0% used [0x00000000eab00000,0x00000000eab00000,0x00000000ec300000)
  from space 4096K, 99% used [0x00000000ec300000,0x00000000ec6ffe98,0x00000000ec700000)
  to   space 4096K, 0% used [0x00000000edf00000,0x00000000edf00000,0x00000000ee300000)
 ParOldGen       total 65536K, used 2154K [0x00000000c0000000, 0x00000000c4000000, 0x00000000eab00000)
  object space 65536K, 3% used [0x00000000c0000000,0x00000000c021ab08,0x00000000c4000000)
 Metaspace       used 5648K, capacity 6832K, committed 7040K, reserved 1056768K
  class space    used 553K, capacity 616K, committed 640K, reserved 1048576K
}
Event: 13.553 GC heap before
{Heap before GC invocations=2 (full 0):
 PSYoungGen      total 28672K, used 28671K [0x00000000eab00000, 0x00000000ee300000, 0x0000000100000000)
  eden space 24576K, 100% used [0x00000000eab00000,0x00000000ec300000,0x00000000ec300000)
  from space 4096K, 99% used [0x00000000ec300000,0x00000000ec6ffe98,0x00000000ec700000)
  to   space 4096K, 0% used [0x00000000edf00000,0x00000000edf00000,0x00000000ee300000)
 ParOldGen       total 65536K, used 2154K [0x00000000c0000000, 0x00000000c4000000, 0x00000000eab00000)
  object space 65536K, 3% used [0x00000000c0000000,0x00000000c021ab08,0x00000000c4000000)
 Metaspace       used 5765K, capacity 6960K, committed 7040K, reserved 1056768K
  class space    used 557K, capacity 616K, committed 640K, reserved 1048576K
Event: 15.225 GC heap after
Heap after GC invocations=2 (full 0):
 PSYoungGen      total 53248K, used 4082K [0x00000000eab00000, 0x00000000ee300000, 0x0000000100000000)
  eden space 49152K, 0% used [0x00000000eab00000,0x00000000eab00000,0x00000000edb00000)
  from space 4096K, 99% used [0x00000000edf00000,0x00000000ee2fcbf0,0x00000000ee300000)
  to   space 4096K, 0% used [0x00000000edb00000,0x00000000edb00000,0x00000000edf00000)
 ParOldGen       total 65536K, used 10843K [0x00000000c0000000, 0x00000000c4000000, 0x00000000eab00000)
  object space 65536K, 16% used [0x00000000c0000000,0x00000000c0a96dc8,0x00000000c4000000)
 Metaspace       used 5765K, capacity 6960K, committed 7040K, reserved 1056768K
  class space    used 557K, capacity 616K, committed 640K, reserved 1048576K
}
Event: 21.553 GC heap before
{Heap before GC invocations=3 (full 0):
 PSYoungGen      total 53248K, used 53234K [0x00000000eab00000, 0x00000000ee300000, 0x0000000100000000)
  eden space 49152K, 100% used [0x00000000eab00000,0x00000000edb00000,0x00000000edb00000)
  from space 4096K, 99% used [0x00000000edf00000,0x00000000ee2fcbf0,0x00000000ee300000)
  to   space 4096K, 0% used [0x00000000edb00000,0x00000000edb00000,0x00000000edf00000)
 ParOldGen       total 65536K, used 10843K [0x00000000c0000000, 0x00000000c4000000, 0x00000000eab00000)
  object space 65536K, 16% used [0x00000000c0000000,0x00000000c0a96dc8,0x00000000c4000000)
 Metaspace       used 5813K, capacity 6960K, committed 7040K, reserved 1056768K
  class space    used 560K, capacity 616K, committed 640K, reserved 1048576K
Event: 22.999 GC heap after
Heap after GC invocations=3 (full 0):
 PSYoungGen      total 53248K, used 4076K [0x00000000eab00000, 0x00000000f1300000, 0x0000000100000000)
  eden space 49152K, 0% used [0x00000000eab00000,0x00000000eab00000,0x00000000edb00000)
  from space 4096K, 99% used [0x00000000edb00000,0x00000000edefb178,0x00000000edf00000)
  to   space 4096K, 0% used [0x00000000f0f00000,0x00000000f0f00000,0x00000000f1300000)
 ParOldGen       total 65536K, used 29033K [0x00000000c0000000, 0x00000000c4000000, 0x00000000eab00000)
  object space 65536K, 44% used [0x00000000c0000000,0x00000000c1c5a5f8,0x00000000c4000000)
 Metaspace       used 5813K, capacity 6960K, committed 7040K, reserved 1056768K
  class space    used 560K, capacity 616K, committed 640K, reserved 1048576K
}
Event: 26.030 GC heap before
{Heap before GC invocations=4 (full 0):
 PSYoungGen      total 53248K, used 53228K [0x00000000eab00000, 0x00000000f1300000, 0x0000000100000000)
  eden space 49152K, 100% used [0x00000000eab00000,0x00000000edb00000,0x00000000edb00000)
  from space 4096K, 99% used [0x00000000edb00000,0x00000000edefb178,0x00000000edf00000)
  to   space 4096K, 0% used [0x00000000f0f00000,0x00000000f0f00000,0x00000000f1300000)
 ParOldGen       total 65536K, used 29033K [0x00000000c0000000, 0x00000000c4000000, 0x00000000eab00000)
  object space 65536K, 44% used [0x00000000c0000000,0x00000000c1c5a5f8,0x00000000c4000000)
 Metaspace       used 5886K, capacity 7024K, committed 7296K, reserved 1056768K
  class space    used 562K, capacity 616K, committed 640K, reserved 1048576K
Event: 26.282 GC heap after
Heap after GC invocations=4 (full 0):
 PSYoungGen      total 102400K, used 4068K [0x00000000eab00000, 0x00000000f1300000, 0x0000000100000000)
  eden space 98304K, 0% used [0x00000000eab00000,0x00000000eab00000,0x00000000f0b00000)
  from space 4096K, 99% used [0x00000000f0f00000,0x00000000f12f9110,0x00000000f1300000)
  to   space 4096K, 0% used [0x00000000f0b00000,0x00000000f0b00000,0x00000000f0f00000)
 ParOldGen       total 65536K, used 44778K [0x00000000c0000000, 0x00000000c4000000, 0x00000000eab00000)
  object space 65536K, 68% used [0x00000000c0000000,0x00000000c2bbab80,0x00000000c4000000)
 Metaspace       used 5886K, capacity 7024K, committed 7296K, reserved 1056768K
  class space    used 562K, capacity 616K, committed 640K, reserved 1048576K
}
Event: 26.282 GC heap before
{Heap before GC invocations=5 (full 1):
 PSYoungGen      total 102400K, used 4068K [0x00000000eab00000, 0x00000000f1300000, 0x0000000100000000)
  eden space 98304K, 0% used [0x00000000eab00000,0x00000000eab00000,0x00000000f0b00000)
  from space 4096K, 99% used [0x00000000f0f00000,0x00000000f12f9110,0x00000000f1300000)
  to   space 4096K, 0% used [0x00000000f0b00000,0x00000000f0b00000,0x00000000f0f00000)
 ParOldGen       total 65536K, used 44778K [0x00000000c0000000, 0x00000000c4000000, 0x00000000eab00000)
  object space 65536K, 68% used [0x00000000c0000000,0x00000000c2bbab80,0x00000000c4000000)
 Metaspace       used 5886K, capacity 7024K, committed 7296K, reserved 1056768K
  class space    used 562K, capacity 616K, committed 640K, reserved 1048576K
Event: 30.914 GC heap after
Heap after GC invocations=5 (full 1):
 PSYoungGen      total 102400K, used 0K [0x00000000eab00000, 0x00000000f1300000, 0x0000000100000000)
  eden space 98304K, 0% used [0x00000000eab00000,0x00000000eab00000,0x00000000f0b00000)
  from space 4096K, 0% used [0x00000000f0f00000,0x00000000f0f00000,0x00000000f1300000)
  to   space 4096K, 0% used [0x00000000f0b00000,0x00000000f0b00000,0x00000000f0f00000)
 ParOldGen       total 81920K, used 21395K [0x00000000c0000000, 0x00000000c5000000, 0x00000000eab00000)
  object space 81920K, 26% used [0x00000000c0000000,0x00000000c14e4d28,0x00000000c5000000)
 Metaspace       used 5886K, capacity 7024K, committed 7296K, reserved 1056768K
  class space    used 562K, capacity 616K, committed 640K, reserved 1048576K
}

Deoptimization events (10 events):
Event: 36.650 Thread 0x00000000077ab000 Uncommon trap: reason=bimorphic action=maybe_recompile pc=0x000000000f263bb8 method=java.util.HashMap.getNode(ILjava/lang/Object;)Ljava/util/HashMap$Node; @ 126
Event: 36.650 Thread 0x00000000077ab000 Uncommon trap: reason=bimorphic action=maybe_recompile pc=0x000000000f263bb8 method=java.util.HashMap.getNode(ILjava/lang/Object;)Ljava/util/HashMap$Node; @ 126
Event: 36.877 Thread 0x00000000077ab000 Uncommon trap: reason=bimorphic action=maybe_recompile pc=0x000000000f263bb8 method=java.util.HashMap.getNode(ILjava/lang/Object;)Ljava/util/HashMap$Node; @ 126
Event: 36.878 Thread 0x00000000077ab000 Uncommon trap: reason=bimorphic action=maybe_recompile pc=0x000000000f4ac4fc method=java.util.HashMap.getNode(ILjava/lang/Object;)Ljava/util/HashMap$Node; @ 126
Event: 37.294 Thread 0x00000000077ab000 Uncommon trap: reason=unstable_if action=reinterpret pc=0x000000000f7fe2f4 method=com.android.dx.dex.code.OutputFinisher.findOpcodeForInsn(Lcom/android/dx/dex/code/DalvInsn;Lcom/android/dx/dex/code/Dop;)Lcom/android/dx/dex/code/Dop; @ 12
Event: 38.267 Thread 0x00000000077ab000 Uncommon trap: reason=unstable_if action=reinterpret pc=0x000000000f80974c method=com.android.dx.dex.code.OutputFinisher.findOpcodeForInsn(Lcom/android/dx/dex/code/DalvInsn;Lcom/android/dx/dex/code/Dop;)Lcom/android/dx/dex/code/Dop; @ 1
Event: 38.274 Thread 0x00000000077ab000 Uncommon trap: reason=unstable_if action=reinterpret pc=0x000000000f56fda4 method=com.android.dx.rop.code.RegisterSpecSet.equals(Ljava/lang/Object;)Z @ 30
Event: 38.438 Thread 0x00000000077ab000 Uncommon trap: reason=unstable_if action=reinterpret pc=0x000000000f8124ac method=com.android.dx.dex.code.LocalList$MakeState.snapshot(ILcom/android/dx/rop/code/RegisterSpecSet;)V @ 66
Event: 39.362 Thread 0x00000000077ab000 Uncommon trap: reason=unstable_if action=reinterpret pc=0x000000000f87db5c method=com.android.dx.util.ByteArrayAnnotatedOutput.ensureCapacity(I)V @ 6
Event: 39.424 Thread 0x00000000077ab000 Uncommon trap: reason=unstable_if action=reinterpret pc=0x000000000f8849ec method=com.android.dx.util.ByteArrayAnnotatedOutput.writeByte(I)V @ 13

Internal exceptions (3 events):
Event: 0.136 Thread 0x0000000002560800 Exception <a 'java/lang/NoSuchMethodError': Method sun.misc.Unsafe.defineClass(Ljava/lang/String;[BII)Ljava/lang/Class; name or signature does not match> (0x00000000eab07cc0) thrown at [C:\src\android\AOSP-openjdk\external\jetbrains\jdk\hotspot\src\share\v¶ÃZ“cÁ?
Event: 0.136 Thread 0x0000000002560800 Exception <a 'java/lang/NoSuchMethodError': Method sun.misc.Unsafe.prefetchRead(Ljava/lang/Object;J)V name or signature does not match> (0x00000000eab07fa8) thrown at [C:\src\android\AOSP-openjdk\external\jetbrains\jdk\hotspot\src\share\vm\prims\jni.cpp, l„ÖXü‰8@
Event: 24.539 Thread 0x00000000077a6800 Implicit null exception at 0x000000000f682ded to 0x000000000f684231

Events (10 events):
Event: 39.753 Thread 0x0000000005d2c000 flushing nmethod 0x000000000f111f10
Event: 39.753 Thread 0x0000000005d2c000 flushing nmethod 0x000000000f1123d0
Event: 39.753 Thread 0x0000000005d2c000 flushing nmethod 0x000000000f112710
Event: 39.753 Thread 0x0000000005d2c000 flushing nmethod 0x000000000f112e50
Event: 39.753 Thread 0x0000000005d2c000 flushing nmethod 0x000000000f11f250
Event: 39.753 Thread 0x0000000005d2c000 flushing nmethod 0x000000000f126390
Event: 39.753 Thread 0x0000000005d2c000 flushing nmethod 0x000000000f127210
Event: 39.753 Thread 0x0000000005d2c000 flushing nmethod 0x000000000f14cc10
Event: 39.753 Thread 0x0000000005d2c000 flushing nmethod 0x000000000f14d390
Event: 39.753 Thread 0x0000000005d2c000 flushing nmethod 0x000000000f14fad0


Dynamic libraries:
0x00007ff609370000 - 0x00007ff6093a1000 	C:\Program Files\Android\Android Studio\jre\bin\java.exe
0x00007ffb17220000 - 0x00007ffb173cd000 	C:\WINDOWS\SYSTEM32\ntdll.dll
0x00007ffb148e0000 - 0x00007ffb14a1e000 	C:\WINDOWS\system32\KERNEL32.DLL
0x00007ffb14620000 - 0x00007ffb14735000 	C:\WINDOWS\system32\KERNELBASE.dll
0x000000006bae0000 - 0x000000006bb67000 	C:\WINDOWS\System32\SYSFER.DLL
0x00007ffb169c0000 - 0x00007ffb16a6a000 	C:\WINDOWS\system32\ADVAPI32.dll
0x00007ffb16460000 - 0x00007ffb165d7000 	C:\WINDOWS\system32\USER32.dll
0x00007ffb12410000 - 0x00007ffb1268b000 	C:\WINDOWS\WinSxS\amd64_microsoft.windows.common-controls_6595b64144ccf1df_6.0.9600.18006_none_623f33d3ecbe86e8\COMCTL32.dll
0x00007ffb16190000 - 0x00007ffb1623a000 	C:\WINDOWS\system32\msvcrt.dll
0x00007ffb16700000 - 0x00007ffb16759000 	C:\WINDOWS\SYSTEM32\sechost.dll
0x00007ffb16e90000 - 0x00007ffb16fd0000 	C:\WINDOWS\system32\RPCRT4.dll
0x00007ffb16040000 - 0x00007ffb1618f000 	C:\WINDOWS\system32\GDI32.dll
0x00007ffb14410000 - 0x00007ffb1443e000 	C:\WINDOWS\system32\SspiCli.dll
0x00007ffb148a0000 - 0x00007ffb148d6000 	C:\WINDOWS\system32\IMM32.DLL
0x00007ffb16d20000 - 0x00007ffb16e72000 	C:\WINDOWS\system32\MSCTF.dll
0x00007ffb14300000 - 0x00007ffb1432f000 	C:\WINDOWS\system32\nvinitx.dll
0x000000000f000000 - 0x000000000f006000 	C:\Program Files\NVIDIA Corporation\CoProcManager\detoured.dll
0x00007ffb12980000 - 0x00007ffb129df000 	C:\Program Files\NVIDIA Corporation\CoProcManager\nvd3d9wrapx.dll
0x00007ffb17030000 - 0x00007ffb1720a000 	C:\WINDOWS\system32\SETUPAPI.dll
0x00007ffb14740000 - 0x00007ffb1478f000 	C:\WINDOWS\system32\CFGMGR32.dll
0x00007ffb12150000 - 0x00007ffb12196000 	C:\Program Files\NVIDIA Corporation\CoProcManager\nvdxgiwrapx.dll
0x0000000065cd0000 - 0x0000000065da2000 	C:\Program Files\Android\Android Studio\jre\jre\bin\msvcr100.dll
0x0000000065db0000 - 0x00000000665e4000 	C:\Program Files\Android\Android Studio\jre\jre\bin\server\jvm.dll
0x00007ffaf0fd0000 - 0x00007ffaf0fd9000 	C:\WINDOWS\SYSTEM32\WSOCK32.dll
0x00007ffb11cf0000 - 0x00007ffb11d12000 	C:\WINDOWS\SYSTEM32\WINMM.dll
0x00007ffb11d20000 - 0x00007ffb11d2a000 	C:\WINDOWS\SYSTEM32\VERSION.dll
0x00007ffb16ad0000 - 0x00007ffb16ad7000 	C:\WINDOWS\system32\PSAPI.DLL
0x00007ffb16a70000 - 0x00007ffb16aca000 	C:\WINDOWS\system32\WS2_32.dll
0x00007ffb11380000 - 0x00007ffb113aa000 	C:\WINDOWS\SYSTEM32\WINMMBASE.dll
0x00007ffb17210000 - 0x00007ffb17219000 	C:\WINDOWS\system32\NSI.dll
0x00007ffb13140000 - 0x00007ffb13168000 	C:\WINDOWS\SYSTEM32\DEVOBJ.dll
0x00007ffb0fa10000 - 0x00007ffb0fa1f000 	C:\Program Files\Android\Android Studio\jre\jre\bin\verify.dll
0x00007ffb03980000 - 0x00007ffb039a9000 	C:\Program Files\Android\Android Studio\jre\jre\bin\java.dll
0x00007ffb03960000 - 0x00007ffb03976000 	C:\Program Files\Android\Android Studio\jre\jre\bin\zip.dll
0x00007ffb14b10000 - 0x00007ffb16038000 	C:\WINDOWS\system32\SHELL32.dll
0x00007ffb16240000 - 0x00007ffb16451000 	C:\WINDOWS\SYSTEM32\combase.dll
0x00007ffb166a0000 - 0x00007ffb166f4000 	C:\WINDOWS\system32\SHLWAPI.dll
0x00007ffb12890000 - 0x00007ffb12942000 	C:\WINDOWS\SYSTEM32\SHCORE.dll
0x00007ffb14340000 - 0x00007ffb14355000 	C:\WINDOWS\SYSTEM32\profapi.dll

VM Arguments:
jvm_args: -Djava.awt.headless=true -Xmx1024M -Dfile.encoding=windows-1252 -Duser.country=GB -Duser.language=en -Duser.variant 
java_command: com.android.dx.command.Main --dex --force-jumbo --num-threads=4 --multi-dex --output E:\Android\EDS\app\build\intermediates\transforms\dex\debug\folders\1000\5\slice_0 E:\Android\EDS\app\build\intermediates\transforms\instantRunSlicer\debug\folders\1\5\slice_0
java_class_path (initial): C:\Users\BARA'\AppData\Local\Android\sdk\build-tools\23.0.3\lib\dx.jar
Launcher Type: SUN_STANDARD

Environment Variables:
JAVA_HOME=C:\Program Files\Java\jdk1.8.0_91
PATH=C:\wamp\bin\php\php5.5.12;C:\Program Files\apache-ant-1.9.7\bin;C:\jboss-as-7.1.1.Final\bin;C:\wildfly-10.0.0.Final\bin;C:\Program Files\Java\jdk1.8.0_91\bin;C:\WINDOWS\system32;C:\WINDOWS;C:\WINDOWS\System32\Wbem;C:\WINDOWS\System32\WindowsPowerShell\v1.0\;C:\Program Files (x86)\Intel\OpenCL SDK\2.0\bin\x86;C:\Program Files (x86)\Intel\OpenCL SDK\2.0\bin\x64;C:\Program Files (x86)\Common Files\Ulead Systems\MPEG;C:\Program Files (x86)\Windows Live\Shared;C:\Program Files (x86)\Skype\Phone\;C:\Program Files\nodejs\;C:\Program Files\Git\cmd;C:\Program Files (x86)\QuickTime\QTSystem\;C:\ProgramData\ComposerSetup\bin;C:\Users\BARA'\AppData\Roaming\npm;C:\Users\BARA'\AppData\Roaming\Composer\vendor\bin
USERNAME=BARA'
OS=Windows_NT
PROCESSOR_IDENTIFIER=Intel64 Family 6 Model 42 Stepping 7, GenuineIntel



---------------  S Y S T E M  ---------------

OS: Windows 8.1 , 64 bit Build 9600 (6.3.9600.17415)

CPU:total 4 (2 cores per cpu, 2 threads per core) family 6 model 42 stepping 7, cmov, cx8, fxsr, mmx, sse, sse2, sse3, ssse3, sse4.1, sse4.2, popcnt, avx, aes, clmul, ht, tsc, tscinvbit

Memory: 4k page, physical 6196396k(867616k free), swap 9342124k(4796k free)

vm_info: OpenJDK 64-Bit Server VM (25.76-b03) for windows-amd64 JRE (1.8.0_76-release-b03), built on Jun 29 2016 19:09:20 by "ralucas" with MS VC++ 10.0 (VS2010)

time: Tue Jan 17 16:22:09 2017
elapsed time: 40 seconds (0d 0h 0m 40s)

